2025-09-22T00:08:08.849+08:00  INFO 16264 --- [springboot-myproject] [RMI TCP Connection(230)-127.0.0.1] inMXBeanRegistrar$SpringApplicationAdmin : Application shutdown requested.
2025-09-22T00:08:08.975+08:00  INFO 16264 --- [springboot-myproject] [RMI TCP Connection(230)-127.0.0.1] o.s.b.w.e.tomcat.GracefulShutdown        : Commencing graceful shutdown. Waiting for active requests to complete
2025-09-22T00:08:09.956+08:00  INFO 16264 --- [springboot-myproject] [tomcat-shutdown] o.s.b.w.e.tomcat.GracefulShutdown        : Graceful shutdown complete
2025-09-22T00:08:09.976+08:00  INFO 16264 --- [springboot-myproject] [RMI TCP Connection(230)-127.0.0.1] o.s.m.s.b.SimpleBrokerMessageHandler     : Stopping...
2025-09-22T00:08:09.977+08:00  INFO 16264 --- [springboot-myproject] [RMI TCP Connection(230)-127.0.0.1] o.s.m.s.b.SimpleBrokerMessageHandler     : BrokerAvailabilityEvent[available=false, SimpleBrokerMessageHandler [org.springframework.messaging.simp.broker.DefaultSubscriptionRegistry@43c76550]]
2025-09-22T00:08:09.978+08:00  INFO 16264 --- [springboot-myproject] [RMI TCP Connection(230)-127.0.0.1] o.s.m.s.b.SimpleBrokerMessageHandler     : Stopped.
2025-09-22T00:08:10.017+08:00  INFO 16264 --- [springboot-myproject] [RMI TCP Connection(230)-127.0.0.1] j.LocalContainerEntityManagerFactoryBean : Closing JPA EntityManagerFactory for persistence unit 'default'
2025-09-22T00:08:10.074+08:00  INFO 16264 --- [springboot-myproject] [RMI TCP Connection(230)-127.0.0.1] com.zaxxer.hikari.HikariDataSource       : HikariPool-1 - Shutdown initiated...
2025-09-22T00:08:10.087+08:00  INFO 16264 --- [springboot-myproject] [RMI TCP Connection(230)-127.0.0.1] com.zaxxer.hikari.HikariDataSource       : HikariPool-1 - Shutdown completed.
2025-09-22T00:11:07.286+08:00  INFO 512 --- [springboot-myproject] [main] c.e.demo.SpringbootMyprojectApplication  : Starting SpringbootMyprojectApplication using Java 20.0.1 with PID 512 (C:\Users\YenHsuanWu\eclipse-workspace\springboot-myproject\target\classes started by YenHsuanWu in C:\Users\YenHsuanWu\eclipse-workspace\springboot-myproject)
2025-09-22T00:11:07.290+08:00  INFO 512 --- [springboot-myproject] [main] c.e.demo.SpringbootMyprojectApplication  : No active profile set, falling back to 1 default profile: "default"
2025-09-22T00:11:09.140+08:00  INFO 512 --- [springboot-myproject] [main] .s.d.r.c.RepositoryConfigurationDelegate : Multiple Spring Data modules found, entering strict repository configuration mode
2025-09-22T00:11:09.143+08:00  INFO 512 --- [springboot-myproject] [main] .s.d.r.c.RepositoryConfigurationDelegate : Bootstrapping Spring Data JDBC repositories in DEFAULT mode.
2025-09-22T00:11:09.246+08:00  INFO 512 --- [springboot-myproject] [main] .RepositoryConfigurationExtensionSupport : Spring Data JDBC - Could not safely identify store assignment for repository candidate interface com.example.demo.repository.DtableRepository; If you want this repository to be a JDBC repository, consider annotating your entities with one of these annotations: org.springframework.data.relational.core.mapping.Table.
2025-09-22T00:11:09.251+08:00  INFO 512 --- [springboot-myproject] [main] .RepositoryConfigurationExtensionSupport : Spring Data JDBC - Could not safely identify store assignment for repository candidate interface com.example.demo.repository.ReservationRepository; If you want this repository to be a JDBC repository, consider annotating your entities with one of these annotations: org.springframework.data.relational.core.mapping.Table.
2025-09-22T00:11:09.257+08:00  INFO 512 --- [springboot-myproject] [main] .RepositoryConfigurationExtensionSupport : Spring Data JDBC - Could not safely identify store assignment for repository candidate interface com.example.demo.repository.TimeSlotsRepository; If you want this repository to be a JDBC repository, consider annotating your entities with one of these annotations: org.springframework.data.relational.core.mapping.Table.
2025-09-22T00:11:09.262+08:00  INFO 512 --- [springboot-myproject] [main] .RepositoryConfigurationExtensionSupport : Spring Data JDBC - Could not safely identify store assignment for repository candidate interface com.example.demo.repository.UserRepository; If you want this repository to be a JDBC repository, consider annotating your entities with one of these annotations: org.springframework.data.relational.core.mapping.Table.
2025-09-22T00:11:09.264+08:00  INFO 512 --- [springboot-myproject] [main] .s.d.r.c.RepositoryConfigurationDelegate : Finished Spring Data repository scanning in 100 ms. Found 0 JDBC repository interfaces.
2025-09-22T00:11:09.303+08:00  INFO 512 --- [springboot-myproject] [main] .s.d.r.c.RepositoryConfigurationDelegate : Multiple Spring Data modules found, entering strict repository configuration mode
2025-09-22T00:11:09.306+08:00  INFO 512 --- [springboot-myproject] [main] .s.d.r.c.RepositoryConfigurationDelegate : Bootstrapping Spring Data JPA repositories in DEFAULT mode.
2025-09-22T00:11:09.438+08:00  INFO 512 --- [springboot-myproject] [main] .s.d.r.c.RepositoryConfigurationDelegate : Finished Spring Data repository scanning in 122 ms. Found 4 JPA repository interfaces.
2025-09-22T00:11:10.795+08:00  INFO 512 --- [springboot-myproject] [main] o.s.b.w.embedded.tomcat.TomcatWebServer  : Tomcat initialized with port 8083 (http)
2025-09-22T00:11:10.832+08:00  INFO 512 --- [springboot-myproject] [main] o.apache.catalina.core.StandardService   : Starting service [Tomcat]
2025-09-22T00:11:10.834+08:00  INFO 512 --- [springboot-myproject] [main] o.apache.catalina.core.StandardEngine    : Starting Servlet engine: [Apache Tomcat/10.1.40]
2025-09-22T00:11:11.406+08:00  INFO 512 --- [springboot-myproject] [main] org.apache.jasper.servlet.TldScanner     : At least one JAR was scanned for TLDs yet contained no TLDs. Enable debug logging for this logger for a complete list of JARs that were scanned but no TLDs were found in them. Skipping unneeded JARs during scanning can improve startup time and JSP compilation time.
2025-09-22T00:11:11.450+08:00  INFO 512 --- [springboot-myproject] [main] o.a.c.c.C.[Tomcat].[localhost].[/]       : Initializing Spring embedded WebApplicationContext
2025-09-22T00:11:11.453+08:00  INFO 512 --- [springboot-myproject] [main] w.s.c.ServletWebServerApplicationContext : Root WebApplicationContext: initialization completed in 4058 ms
2025-09-22T00:11:11.856+08:00  INFO 512 --- [springboot-myproject] [main] o.hibernate.jpa.internal.util.LogHelper  : HHH000204: Processing PersistenceUnitInfo [name: default]
2025-09-22T00:11:12.026+08:00  INFO 512 --- [springboot-myproject] [main] org.hibernate.Version                    : HHH000412: Hibernate ORM core version 6.6.13.Final
2025-09-22T00:11:12.105+08:00  INFO 512 --- [springboot-myproject] [main] o.h.c.internal.RegionFactoryInitiator    : HHH000026: Second-level cache disabled
2025-09-22T00:11:12.737+08:00  INFO 512 --- [springboot-myproject] [main] o.s.o.j.p.SpringPersistenceUnitInfo      : No LoadTimeWeaver setup: ignoring JPA class transformer
2025-09-22T00:11:12.804+08:00  INFO 512 --- [springboot-myproject] [main] com.zaxxer.hikari.HikariDataSource       : HikariPool-1 - Starting...
2025-09-22T00:11:13.192+08:00  INFO 512 --- [springboot-myproject] [main] com.zaxxer.hikari.pool.HikariPool        : HikariPool-1 - Added connection com.mysql.cj.jdbc.ConnectionImpl@2b4829aa
2025-09-22T00:11:13.213+08:00  INFO 512 --- [springboot-myproject] [main] com.zaxxer.hikari.HikariDataSource       : HikariPool-1 - Start completed.
2025-09-22T00:11:13.455+08:00  INFO 512 --- [springboot-myproject] [main] org.hibernate.orm.connections.pooling    : HHH10001005: Database info:
	Database JDBC URL [Connecting through datasource 'HikariDataSource (HikariPool-1)']
	Database driver: undefined/unknown
	Database version: 8.0.34
	Autocommit mode: undefined/unknown
	Isolation level: undefined/unknown
	Minimum pool size: undefined/unknown
	Maximum pool size: undefined/unknown
2025-09-22T00:11:15.807+08:00  INFO 512 --- [springboot-myproject] [main] o.h.e.t.j.p.i.JtaPlatformInitiator       : HHH000489: No JTA platform available (set 'hibernate.transaction.jta.platform' to enable JTA platform integration)
2025-09-22T00:11:16.099+08:00  INFO 512 --- [springboot-myproject] [main] j.LocalContainerEntityManagerFactoryBean : Initialized JPA EntityManagerFactory for persistence unit 'default'
2025-09-22T00:11:16.930+08:00  INFO 512 --- [springboot-myproject] [main] o.s.d.j.r.query.QueryEnhancerFactory     : Hibernate is in classpath; If applicable, HQL parser will be used.
2025-09-22T00:11:18.524+08:00  INFO 512 --- [springboot-myproject] [main] o.s.b.a.w.s.WelcomePageHandlerMapping    : Adding welcome page: class path resource [static/index.html]
2025-09-22T00:11:19.344+08:00  INFO 512 --- [springboot-myproject] [main] o.s.m.s.b.SimpleBrokerMessageHandler     : Starting...
2025-09-22T00:11:19.345+08:00  INFO 512 --- [springboot-myproject] [main] o.s.m.s.b.SimpleBrokerMessageHandler     : BrokerAvailabilityEvent[available=true, SimpleBrokerMessageHandler [org.springframework.messaging.simp.broker.DefaultSubscriptionRegistry@34e0d52e]]
2025-09-22T00:11:19.348+08:00  INFO 512 --- [springboot-myproject] [main] o.s.m.s.b.SimpleBrokerMessageHandler     : Started.
2025-09-22T00:11:19.399+08:00  INFO 512 --- [springboot-myproject] [main] o.s.b.w.embedded.tomcat.TomcatWebServer  : Tomcat started on port 8083 (http) with context path '/'
2025-09-22T00:11:19.418+08:00  INFO 512 --- [springboot-myproject] [main] c.e.demo.SpringbootMyprojectApplication  : Started SpringbootMyprojectApplication in 13.274 seconds (process running for 14.722)
2025-09-22T00:12:19.360+08:00  INFO 512 --- [springboot-myproject] [MessageBroker-1] o.s.w.s.c.WebSocketMessageBrokerStats    : WebSocketSession[0 current WS(0)-HttpStream(0)-HttpPoll(0), 0 total, 0 closed abnormally (0 connect failure, 0 send limit, 0 transport error)], stompSubProtocol[processed CONNECT(0)-CONNECTED(0)-DISCONNECT(0)], stompBrokerRelay[null], inboundChannel[pool size = 0, active threads = 0, queued tasks = 0, completed tasks = 0], outboundChannel[pool size = 0, active threads = 0, queued tasks = 0, completed tasks = 0], sockJsScheduler[pool size = 1, active threads = 1, queued tasks = 0, completed tasks = 0]
2025-09-22T00:16:54.389+08:00  INFO 512 --- [springboot-myproject] [http-nio-8083-exec-1] o.a.c.c.C.[Tomcat].[localhost].[/]       : Initializing Spring DispatcherServlet 'dispatcherServlet'
2025-09-22T00:16:54.391+08:00  INFO 512 --- [springboot-myproject] [http-nio-8083-exec-1] o.s.web.servlet.DispatcherServlet        : Initializing Servlet 'dispatcherServlet'
2025-09-22T00:16:54.394+08:00  INFO 512 --- [springboot-myproject] [http-nio-8083-exec-1] o.s.web.servlet.DispatcherServlet        : Completed initialization in 3 ms
2025-09-22T00:33:45.142+08:00  INFO 512 --- [springboot-myproject] [RMI TCP Connection(33)-127.0.0.1] inMXBeanRegistrar$SpringApplicationAdmin : Application shutdown requested.
2025-09-22T00:33:45.148+08:00  INFO 512 --- [springboot-myproject] [RMI TCP Connection(33)-127.0.0.1] o.s.b.w.e.tomcat.GracefulShutdown        : Commencing graceful shutdown. Waiting for active requests to complete
2025-09-22T00:33:45.468+08:00  INFO 512 --- [springboot-myproject] [tomcat-shutdown] o.s.b.w.e.tomcat.GracefulShutdown        : Graceful shutdown complete
2025-09-22T00:33:45.473+08:00  INFO 512 --- [springboot-myproject] [RMI TCP Connection(33)-127.0.0.1] o.s.m.s.b.SimpleBrokerMessageHandler     : Stopping...
2025-09-22T00:33:45.476+08:00  INFO 512 --- [springboot-myproject] [RMI TCP Connection(33)-127.0.0.1] o.s.m.s.b.SimpleBrokerMessageHandler     : BrokerAvailabilityEvent[available=false, SimpleBrokerMessageHandler [org.springframework.messaging.simp.broker.DefaultSubscriptionRegistry@34e0d52e]]
2025-09-22T00:33:45.477+08:00  INFO 512 --- [springboot-myproject] [RMI TCP Connection(33)-127.0.0.1] o.s.m.s.b.SimpleBrokerMessageHandler     : Stopped.
2025-09-22T00:33:45.482+08:00  INFO 512 --- [springboot-myproject] [RMI TCP Connection(33)-127.0.0.1] j.LocalContainerEntityManagerFactoryBean : Closing JPA EntityManagerFactory for persistence unit 'default'
2025-09-22T00:33:45.486+08:00  INFO 512 --- [springboot-myproject] [RMI TCP Connection(33)-127.0.0.1] com.zaxxer.hikari.HikariDataSource       : HikariPool-1 - Shutdown initiated...
2025-09-22T00:33:45.507+08:00  INFO 512 --- [springboot-myproject] [RMI TCP Connection(33)-127.0.0.1] com.zaxxer.hikari.HikariDataSource       : HikariPool-1 - Shutdown completed.
2025-09-22T00:33:50.428+08:00  INFO 24924 --- [springboot-myproject] [main] c.e.demo.SpringbootMyprojectApplication  : Starting SpringbootMyprojectApplication using Java 20.0.1 with PID 24924 (C:\Users\YenHsuanWu\eclipse-workspace\springboot-myproject\target\classes started by YenHsuanWu in C:\Users\YenHsuanWu\eclipse-workspace\springboot-myproject)
2025-09-22T00:33:50.432+08:00  INFO 24924 --- [springboot-myproject] [main] c.e.demo.SpringbootMyprojectApplication  : No active profile set, falling back to 1 default profile: "default"
2025-09-22T00:33:52.198+08:00  INFO 24924 --- [springboot-myproject] [main] .s.d.r.c.RepositoryConfigurationDelegate : Multiple Spring Data modules found, entering strict repository configuration mode
2025-09-22T00:33:52.201+08:00  INFO 24924 --- [springboot-myproject] [main] .s.d.r.c.RepositoryConfigurationDelegate : Bootstrapping Spring Data JDBC repositories in DEFAULT mode.
2025-09-22T00:33:52.310+08:00  INFO 24924 --- [springboot-myproject] [main] .RepositoryConfigurationExtensionSupport : Spring Data JDBC - Could not safely identify store assignment for repository candidate interface com.example.demo.repository.DtableRepository; If you want this repository to be a JDBC repository, consider annotating your entities with one of these annotations: org.springframework.data.relational.core.mapping.Table.
2025-09-22T00:33:52.314+08:00  INFO 24924 --- [springboot-myproject] [main] .RepositoryConfigurationExtensionSupport : Spring Data JDBC - Could not safely identify store assignment for repository candidate interface com.example.demo.repository.ReservationRepository; If you want this repository to be a JDBC repository, consider annotating your entities with one of these annotations: org.springframework.data.relational.core.mapping.Table.
2025-09-22T00:33:52.318+08:00  INFO 24924 --- [springboot-myproject] [main] .RepositoryConfigurationExtensionSupport : Spring Data JDBC - Could not safely identify store assignment for repository candidate interface com.example.demo.repository.TimeSlotsRepository; If you want this repository to be a JDBC repository, consider annotating your entities with one of these annotations: org.springframework.data.relational.core.mapping.Table.
2025-09-22T00:33:52.322+08:00  INFO 24924 --- [springboot-myproject] [main] .RepositoryConfigurationExtensionSupport : Spring Data JDBC - Could not safely identify store assignment for repository candidate interface com.example.demo.repository.UserRepository; If you want this repository to be a JDBC repository, consider annotating your entities with one of these annotations: org.springframework.data.relational.core.mapping.Table.
2025-09-22T00:33:52.322+08:00  INFO 24924 --- [springboot-myproject] [main] .s.d.r.c.RepositoryConfigurationDelegate : Finished Spring Data repository scanning in 103 ms. Found 0 JDBC repository interfaces.
2025-09-22T00:33:52.345+08:00  INFO 24924 --- [springboot-myproject] [main] .s.d.r.c.RepositoryConfigurationDelegate : Multiple Spring Data modules found, entering strict repository configuration mode
2025-09-22T00:33:52.346+08:00  INFO 24924 --- [springboot-myproject] [main] .s.d.r.c.RepositoryConfigurationDelegate : Bootstrapping Spring Data JPA repositories in DEFAULT mode.
2025-09-22T00:33:52.463+08:00  INFO 24924 --- [springboot-myproject] [main] .s.d.r.c.RepositoryConfigurationDelegate : Finished Spring Data repository scanning in 106 ms. Found 4 JPA repository interfaces.
2025-09-22T00:33:53.831+08:00  INFO 24924 --- [springboot-myproject] [main] o.s.b.w.embedded.tomcat.TomcatWebServer  : Tomcat initialized with port 8083 (http)
2025-09-22T00:33:53.868+08:00  INFO 24924 --- [springboot-myproject] [main] o.apache.catalina.core.StandardService   : Starting service [Tomcat]
2025-09-22T00:33:53.871+08:00  INFO 24924 --- [springboot-myproject] [main] o.apache.catalina.core.StandardEngine    : Starting Servlet engine: [Apache Tomcat/10.1.40]
2025-09-22T00:33:54.399+08:00  INFO 24924 --- [springboot-myproject] [main] org.apache.jasper.servlet.TldScanner     : At least one JAR was scanned for TLDs yet contained no TLDs. Enable debug logging for this logger for a complete list of JARs that were scanned but no TLDs were found in them. Skipping unneeded JARs during scanning can improve startup time and JSP compilation time.
2025-09-22T00:33:54.424+08:00  INFO 24924 --- [springboot-myproject] [main] o.a.c.c.C.[Tomcat].[localhost].[/]       : Initializing Spring embedded WebApplicationContext
2025-09-22T00:33:54.427+08:00  INFO 24924 --- [springboot-myproject] [main] w.s.c.ServletWebServerApplicationContext : Root WebApplicationContext: initialization completed in 3886 ms
2025-09-22T00:33:54.856+08:00  INFO 24924 --- [springboot-myproject] [main] o.hibernate.jpa.internal.util.LogHelper  : HHH000204: Processing PersistenceUnitInfo [name: default]
2025-09-22T00:33:55.019+08:00  INFO 24924 --- [springboot-myproject] [main] org.hibernate.Version                    : HHH000412: Hibernate ORM core version 6.6.13.Final
2025-09-22T00:33:55.091+08:00  INFO 24924 --- [springboot-myproject] [main] o.h.c.internal.RegionFactoryInitiator    : HHH000026: Second-level cache disabled
2025-09-22T00:33:55.754+08:00  INFO 24924 --- [springboot-myproject] [main] o.s.o.j.p.SpringPersistenceUnitInfo      : No LoadTimeWeaver setup: ignoring JPA class transformer
2025-09-22T00:33:55.974+08:00  INFO 24924 --- [springboot-myproject] [main] com.zaxxer.hikari.HikariDataSource       : HikariPool-1 - Starting...
2025-09-22T00:33:57.015+08:00  INFO 24924 --- [springboot-myproject] [main] com.zaxxer.hikari.pool.HikariPool        : HikariPool-1 - Added connection com.mysql.cj.jdbc.ConnectionImpl@2bcb1414
2025-09-22T00:33:57.015+08:00  INFO 24924 --- [springboot-myproject] [main] com.zaxxer.hikari.HikariDataSource       : HikariPool-1 - Start completed.
2025-09-22T00:33:57.353+08:00  INFO 24924 --- [springboot-myproject] [main] org.hibernate.orm.connections.pooling    : HHH10001005: Database info:
	Database JDBC URL [Connecting through datasource 'HikariDataSource (HikariPool-1)']
	Database driver: undefined/unknown
	Database version: 8.0.34
	Autocommit mode: undefined/unknown
	Isolation level: undefined/unknown
	Minimum pool size: undefined/unknown
	Maximum pool size: undefined/unknown
2025-09-22T00:34:02.878+08:00  INFO 24924 --- [springboot-myproject] [main] o.h.e.t.j.p.i.JtaPlatformInitiator       : HHH000489: No JTA platform available (set 'hibernate.transaction.jta.platform' to enable JTA platform integration)
2025-09-22T00:34:03.152+08:00  INFO 24924 --- [springboot-myproject] [main] j.LocalContainerEntityManagerFactoryBean : Initialized JPA EntityManagerFactory for persistence unit 'default'
2025-09-22T00:34:04.747+08:00  INFO 24924 --- [springboot-myproject] [main] o.s.d.j.r.query.QueryEnhancerFactory     : Hibernate is in classpath; If applicable, HQL parser will be used.
2025-09-22T00:34:07.998+08:00  INFO 24924 --- [springboot-myproject] [main] o.s.b.a.w.s.WelcomePageHandlerMapping    : Adding welcome page: class path resource [static/index.html]
2025-09-22T00:34:10.129+08:00  INFO 24924 --- [springboot-myproject] [main] o.s.m.s.b.SimpleBrokerMessageHandler     : Starting...
2025-09-22T00:34:10.132+08:00  INFO 24924 --- [springboot-myproject] [main] o.s.m.s.b.SimpleBrokerMessageHandler     : BrokerAvailabilityEvent[available=true, SimpleBrokerMessageHandler [org.springframework.messaging.simp.broker.DefaultSubscriptionRegistry@51bab787]]
2025-09-22T00:34:10.135+08:00  INFO 24924 --- [springboot-myproject] [main] o.s.m.s.b.SimpleBrokerMessageHandler     : Started.
2025-09-22T00:34:10.216+08:00  INFO 24924 --- [springboot-myproject] [main] o.s.b.w.embedded.tomcat.TomcatWebServer  : Tomcat started on port 8083 (http) with context path '/'
2025-09-22T00:34:10.246+08:00  INFO 24924 --- [springboot-myproject] [main] c.e.demo.SpringbootMyprojectApplication  : Started SpringbootMyprojectApplication in 20.934 seconds (process running for 22.603)
2025-09-22T00:34:15.528+08:00  INFO 24924 --- [springboot-myproject] [http-nio-8083-exec-1] o.a.c.c.C.[Tomcat].[localhost].[/]       : Initializing Spring DispatcherServlet 'dispatcherServlet'
2025-09-22T00:34:15.529+08:00  INFO 24924 --- [springboot-myproject] [http-nio-8083-exec-1] o.s.web.servlet.DispatcherServlet        : Initializing Servlet 'dispatcherServlet'
2025-09-22T00:34:15.535+08:00  INFO 24924 --- [springboot-myproject] [http-nio-8083-exec-1] o.s.web.servlet.DispatcherServlet        : Completed initialization in 3 ms
2025-09-22T00:35:10.121+08:00  INFO 24924 --- [springboot-myproject] [MessageBroker-1] o.s.w.s.c.WebSocketMessageBrokerStats    : WebSocketSession[0 current WS(0)-HttpStream(0)-HttpPoll(0), 0 total, 0 closed abnormally (0 connect failure, 0 send limit, 0 transport error)], stompSubProtocol[processed CONNECT(0)-CONNECTED(0)-DISCONNECT(0)], stompBrokerRelay[null], inboundChannel[pool size = 0, active threads = 0, queued tasks = 0, completed tasks = 0], outboundChannel[pool size = 0, active threads = 0, queued tasks = 0, completed tasks = 0], sockJsScheduler[pool size = 1, active threads = 1, queued tasks = 0, completed tasks = 0]
2025-09-22T00:39:01.533+08:00  INFO 24924 --- [springboot-myproject] [RMI TCP Connection(13)-127.0.0.1] inMXBeanRegistrar$SpringApplicationAdmin : Application shutdown requested.
2025-09-22T00:39:01.539+08:00  INFO 24924 --- [springboot-myproject] [RMI TCP Connection(13)-127.0.0.1] o.s.b.w.e.tomcat.GracefulShutdown        : Commencing graceful shutdown. Waiting for active requests to complete
2025-09-22T00:39:01.875+08:00  INFO 24924 --- [springboot-myproject] [tomcat-shutdown] o.s.b.w.e.tomcat.GracefulShutdown        : Graceful shutdown complete
2025-09-22T00:39:01.881+08:00  INFO 24924 --- [springboot-myproject] [RMI TCP Connection(13)-127.0.0.1] o.s.m.s.b.SimpleBrokerMessageHandler     : Stopping...
2025-09-22T00:39:01.881+08:00  INFO 24924 --- [springboot-myproject] [RMI TCP Connection(13)-127.0.0.1] o.s.m.s.b.SimpleBrokerMessageHandler     : BrokerAvailabilityEvent[available=false, SimpleBrokerMessageHandler [org.springframework.messaging.simp.broker.DefaultSubscriptionRegistry@51bab787]]
2025-09-22T00:39:01.882+08:00  INFO 24924 --- [springboot-myproject] [RMI TCP Connection(13)-127.0.0.1] o.s.m.s.b.SimpleBrokerMessageHandler     : Stopped.
2025-09-22T00:39:01.887+08:00  INFO 24924 --- [springboot-myproject] [RMI TCP Connection(13)-127.0.0.1] j.LocalContainerEntityManagerFactoryBean : Closing JPA EntityManagerFactory for persistence unit 'default'
2025-09-22T00:39:01.891+08:00  INFO 24924 --- [springboot-myproject] [RMI TCP Connection(13)-127.0.0.1] com.zaxxer.hikari.HikariDataSource       : HikariPool-1 - Shutdown initiated...
2025-09-22T00:39:01.904+08:00  INFO 24924 --- [springboot-myproject] [RMI TCP Connection(13)-127.0.0.1] com.zaxxer.hikari.HikariDataSource       : HikariPool-1 - Shutdown completed.
2025-09-22T00:39:06.148+08:00  INFO 13724 --- [springboot-myproject] [main] c.e.demo.SpringbootMyprojectApplication  : Starting SpringbootMyprojectApplication using Java 20.0.1 with PID 13724 (C:\Users\YenHsuanWu\eclipse-workspace\springboot-myproject\target\classes started by YenHsuanWu in C:\Users\YenHsuanWu\eclipse-workspace\springboot-myproject)
2025-09-22T00:39:06.152+08:00  INFO 13724 --- [springboot-myproject] [main] c.e.demo.SpringbootMyprojectApplication  : No active profile set, falling back to 1 default profile: "default"
2025-09-22T00:39:08.041+08:00  INFO 13724 --- [springboot-myproject] [main] .s.d.r.c.RepositoryConfigurationDelegate : Multiple Spring Data modules found, entering strict repository configuration mode
2025-09-22T00:39:08.041+08:00  INFO 13724 --- [springboot-myproject] [main] .s.d.r.c.RepositoryConfigurationDelegate : Bootstrapping Spring Data JDBC repositories in DEFAULT mode.
2025-09-22T00:39:08.159+08:00  INFO 13724 --- [springboot-myproject] [main] .RepositoryConfigurationExtensionSupport : Spring Data JDBC - Could not safely identify store assignment for repository candidate interface com.example.demo.repository.DtableRepository; If you want this repository to be a JDBC repository, consider annotating your entities with one of these annotations: org.springframework.data.relational.core.mapping.Table.
2025-09-22T00:39:08.165+08:00  INFO 13724 --- [springboot-myproject] [main] .RepositoryConfigurationExtensionSupport : Spring Data JDBC - Could not safely identify store assignment for repository candidate interface com.example.demo.repository.ReservationRepository; If you want this repository to be a JDBC repository, consider annotating your entities with one of these annotations: org.springframework.data.relational.core.mapping.Table.
2025-09-22T00:39:08.168+08:00  INFO 13724 --- [springboot-myproject] [main] .RepositoryConfigurationExtensionSupport : Spring Data JDBC - Could not safely identify store assignment for repository candidate interface com.example.demo.repository.TimeSlotsRepository; If you want this repository to be a JDBC repository, consider annotating your entities with one of these annotations: org.springframework.data.relational.core.mapping.Table.
2025-09-22T00:39:08.175+08:00  INFO 13724 --- [springboot-myproject] [main] .RepositoryConfigurationExtensionSupport : Spring Data JDBC - Could not safely identify store assignment for repository candidate interface com.example.demo.repository.UserRepository; If you want this repository to be a JDBC repository, consider annotating your entities with one of these annotations: org.springframework.data.relational.core.mapping.Table.
2025-09-22T00:39:08.177+08:00  INFO 13724 --- [springboot-myproject] [main] .s.d.r.c.RepositoryConfigurationDelegate : Finished Spring Data repository scanning in 104 ms. Found 0 JDBC repository interfaces.
2025-09-22T00:39:08.204+08:00  INFO 13724 --- [springboot-myproject] [main] .s.d.r.c.RepositoryConfigurationDelegate : Multiple Spring Data modules found, entering strict repository configuration mode
2025-09-22T00:39:08.206+08:00  INFO 13724 --- [springboot-myproject] [main] .s.d.r.c.RepositoryConfigurationDelegate : Bootstrapping Spring Data JPA repositories in DEFAULT mode.
2025-09-22T00:39:08.309+08:00  INFO 13724 --- [springboot-myproject] [main] .s.d.r.c.RepositoryConfigurationDelegate : Finished Spring Data repository scanning in 83 ms. Found 4 JPA repository interfaces.
2025-09-22T00:39:09.639+08:00  INFO 13724 --- [springboot-myproject] [main] o.s.b.w.embedded.tomcat.TomcatWebServer  : Tomcat initialized with port 8082 (http)
2025-09-22T00:39:09.675+08:00  INFO 13724 --- [springboot-myproject] [main] o.apache.catalina.core.StandardService   : Starting service [Tomcat]
2025-09-22T00:39:09.677+08:00  INFO 13724 --- [springboot-myproject] [main] o.apache.catalina.core.StandardEngine    : Starting Servlet engine: [Apache Tomcat/10.1.40]
2025-09-22T00:39:10.174+08:00  INFO 13724 --- [springboot-myproject] [main] org.apache.jasper.servlet.TldScanner     : At least one JAR was scanned for TLDs yet contained no TLDs. Enable debug logging for this logger for a complete list of JARs that were scanned but no TLDs were found in them. Skipping unneeded JARs during scanning can improve startup time and JSP compilation time.
2025-09-22T00:39:10.197+08:00  INFO 13724 --- [springboot-myproject] [main] o.a.c.c.C.[Tomcat].[localhost].[/]       : Initializing Spring embedded WebApplicationContext
2025-09-22T00:39:10.199+08:00  INFO 13724 --- [springboot-myproject] [main] w.s.c.ServletWebServerApplicationContext : Root WebApplicationContext: initialization completed in 3951 ms
2025-09-22T00:39:10.573+08:00  INFO 13724 --- [springboot-myproject] [main] o.hibernate.jpa.internal.util.LogHelper  : HHH000204: Processing PersistenceUnitInfo [name: default]
2025-09-22T00:39:10.685+08:00  INFO 13724 --- [springboot-myproject] [main] org.hibernate.Version                    : HHH000412: Hibernate ORM core version 6.6.13.Final
2025-09-22T00:39:10.748+08:00  INFO 13724 --- [springboot-myproject] [main] o.h.c.internal.RegionFactoryInitiator    : HHH000026: Second-level cache disabled
2025-09-22T00:39:11.500+08:00  INFO 13724 --- [springboot-myproject] [main] o.s.o.j.p.SpringPersistenceUnitInfo      : No LoadTimeWeaver setup: ignoring JPA class transformer
2025-09-22T00:39:11.561+08:00  INFO 13724 --- [springboot-myproject] [main] com.zaxxer.hikari.HikariDataSource       : HikariPool-1 - Starting...
2025-09-22T00:39:12.019+08:00  INFO 13724 --- [springboot-myproject] [main] com.zaxxer.hikari.pool.HikariPool        : HikariPool-1 - Added connection com.mysql.cj.jdbc.ConnectionImpl@12166229
2025-09-22T00:39:12.021+08:00  INFO 13724 --- [springboot-myproject] [main] com.zaxxer.hikari.HikariDataSource       : HikariPool-1 - Start completed.
2025-09-22T00:39:12.210+08:00  INFO 13724 --- [springboot-myproject] [main] org.hibernate.orm.connections.pooling    : HHH10001005: Database info:
	Database JDBC URL [Connecting through datasource 'HikariDataSource (HikariPool-1)']
	Database driver: undefined/unknown
	Database version: 8.0.34
	Autocommit mode: undefined/unknown
	Isolation level: undefined/unknown
	Minimum pool size: undefined/unknown
	Maximum pool size: undefined/unknown
2025-09-22T00:39:14.217+08:00  INFO 13724 --- [springboot-myproject] [main] o.h.e.t.j.p.i.JtaPlatformInitiator       : HHH000489: No JTA platform available (set 'hibernate.transaction.jta.platform' to enable JTA platform integration)
2025-09-22T00:39:14.362+08:00  INFO 13724 --- [springboot-myproject] [main] j.LocalContainerEntityManagerFactoryBean : Initialized JPA EntityManagerFactory for persistence unit 'default'
2025-09-22T00:39:15.128+08:00  INFO 13724 --- [springboot-myproject] [main] o.s.d.j.r.query.QueryEnhancerFactory     : Hibernate is in classpath; If applicable, HQL parser will be used.
2025-09-22T00:39:16.574+08:00  INFO 13724 --- [springboot-myproject] [main] o.s.b.a.w.s.WelcomePageHandlerMapping    : Adding welcome page: class path resource [static/index.html]
2025-09-22T00:39:17.336+08:00  INFO 13724 --- [springboot-myproject] [main] o.s.m.s.b.SimpleBrokerMessageHandler     : Starting...
2025-09-22T00:39:17.338+08:00  INFO 13724 --- [springboot-myproject] [main] o.s.m.s.b.SimpleBrokerMessageHandler     : BrokerAvailabilityEvent[available=true, SimpleBrokerMessageHandler [org.springframework.messaging.simp.broker.DefaultSubscriptionRegistry@8e89c5f]]
2025-09-22T00:39:17.342+08:00  INFO 13724 --- [springboot-myproject] [main] o.s.m.s.b.SimpleBrokerMessageHandler     : Started.
2025-09-22T00:39:17.391+08:00  INFO 13724 --- [springboot-myproject] [main] o.s.b.w.embedded.tomcat.TomcatWebServer  : Tomcat started on port 8082 (http) with context path '/'
2025-09-22T00:39:17.433+08:00  INFO 13724 --- [springboot-myproject] [main] c.e.demo.SpringbootMyprojectApplication  : Started SpringbootMyprojectApplication in 12.248 seconds (process running for 13.561)
2025-09-22T00:39:22.210+08:00  INFO 13724 --- [springboot-myproject] [http-nio-8082-exec-1] o.a.c.c.C.[Tomcat].[localhost].[/]       : Initializing Spring DispatcherServlet 'dispatcherServlet'
2025-09-22T00:39:22.211+08:00  INFO 13724 --- [springboot-myproject] [http-nio-8082-exec-1] o.s.web.servlet.DispatcherServlet        : Initializing Servlet 'dispatcherServlet'
2025-09-22T00:39:22.214+08:00  INFO 13724 --- [springboot-myproject] [http-nio-8082-exec-1] o.s.web.servlet.DispatcherServlet        : Completed initialization in 2 ms
2025-09-22T00:39:25.473+08:00  WARN 13724 --- [springboot-myproject] [http-nio-8082-exec-5] o.a.c.util.SessionIdGeneratorBase        : Creation of SecureRandom instance for session ID generation using [SHA1PRNG] took [111] milliseconds.
2025-09-22T00:40:17.323+08:00  INFO 13724 --- [springboot-myproject] [MessageBroker-1] o.s.w.s.c.WebSocketMessageBrokerStats    : WebSocketSession[0 current WS(0)-HttpStream(0)-HttpPoll(0), 0 total, 0 closed abnormally (0 connect failure, 0 send limit, 0 transport error)], stompSubProtocol[processed CONNECT(0)-CONNECTED(0)-DISCONNECT(0)], stompBrokerRelay[null], inboundChannel[pool size = 0, active threads = 0, queued tasks = 0, completed tasks = 0], outboundChannel[pool size = 0, active threads = 0, queued tasks = 0, completed tasks = 0], sockJsScheduler[pool size = 1, active threads = 1, queued tasks = 0, completed tasks = 0]
2025-09-22T00:42:10.134+08:00  INFO 13724 --- [springboot-myproject] [RMI TCP Connection(12)-127.0.0.1] inMXBeanRegistrar$SpringApplicationAdmin : Application shutdown requested.
2025-09-22T00:42:10.140+08:00  INFO 13724 --- [springboot-myproject] [RMI TCP Connection(12)-127.0.0.1] o.s.b.w.e.tomcat.GracefulShutdown        : Commencing graceful shutdown. Waiting for active requests to complete
2025-09-22T00:42:10.484+08:00  INFO 13724 --- [springboot-myproject] [tomcat-shutdown] o.s.b.w.e.tomcat.GracefulShutdown        : Graceful shutdown complete
2025-09-22T00:42:10.491+08:00  INFO 13724 --- [springboot-myproject] [RMI TCP Connection(12)-127.0.0.1] o.s.m.s.b.SimpleBrokerMessageHandler     : Stopping...
2025-09-22T00:42:10.493+08:00  INFO 13724 --- [springboot-myproject] [RMI TCP Connection(12)-127.0.0.1] o.s.m.s.b.SimpleBrokerMessageHandler     : BrokerAvailabilityEvent[available=false, SimpleBrokerMessageHandler [org.springframework.messaging.simp.broker.DefaultSubscriptionRegistry@8e89c5f]]
2025-09-22T00:42:10.493+08:00  INFO 13724 --- [springboot-myproject] [RMI TCP Connection(12)-127.0.0.1] o.s.m.s.b.SimpleBrokerMessageHandler     : Stopped.
2025-09-22T00:42:10.501+08:00  INFO 13724 --- [springboot-myproject] [RMI TCP Connection(12)-127.0.0.1] j.LocalContainerEntityManagerFactoryBean : Closing JPA EntityManagerFactory for persistence unit 'default'
2025-09-22T00:42:10.507+08:00  INFO 13724 --- [springboot-myproject] [RMI TCP Connection(12)-127.0.0.1] com.zaxxer.hikari.HikariDataSource       : HikariPool-1 - Shutdown initiated...
2025-09-22T00:42:10.522+08:00  INFO 13724 --- [springboot-myproject] [RMI TCP Connection(12)-127.0.0.1] com.zaxxer.hikari.HikariDataSource       : HikariPool-1 - Shutdown completed.
2025-09-22T00:42:14.603+08:00  INFO 20104 --- [springboot-myproject] [main] c.e.demo.SpringbootMyprojectApplication  : Starting SpringbootMyprojectApplication using Java 20.0.1 with PID 20104 (C:\Users\YenHsuanWu\eclipse-workspace\springboot-myproject\target\classes started by YenHsuanWu in C:\Users\YenHsuanWu\eclipse-workspace\springboot-myproject)
2025-09-22T00:42:14.607+08:00  INFO 20104 --- [springboot-myproject] [main] c.e.demo.SpringbootMyprojectApplication  : No active profile set, falling back to 1 default profile: "default"
2025-09-22T00:42:16.325+08:00  INFO 20104 --- [springboot-myproject] [main] .s.d.r.c.RepositoryConfigurationDelegate : Multiple Spring Data modules found, entering strict repository configuration mode
2025-09-22T00:42:16.327+08:00  INFO 20104 --- [springboot-myproject] [main] .s.d.r.c.RepositoryConfigurationDelegate : Bootstrapping Spring Data JDBC repositories in DEFAULT mode.
2025-09-22T00:42:16.428+08:00  INFO 20104 --- [springboot-myproject] [main] .RepositoryConfigurationExtensionSupport : Spring Data JDBC - Could not safely identify store assignment for repository candidate interface com.example.demo.repository.DtableRepository; If you want this repository to be a JDBC repository, consider annotating your entities with one of these annotations: org.springframework.data.relational.core.mapping.Table.
2025-09-22T00:42:16.433+08:00  INFO 20104 --- [springboot-myproject] [main] .RepositoryConfigurationExtensionSupport : Spring Data JDBC - Could not safely identify store assignment for repository candidate interface com.example.demo.repository.ReservationRepository; If you want this repository to be a JDBC repository, consider annotating your entities with one of these annotations: org.springframework.data.relational.core.mapping.Table.
2025-09-22T00:42:16.438+08:00  INFO 20104 --- [springboot-myproject] [main] .RepositoryConfigurationExtensionSupport : Spring Data JDBC - Could not safely identify store assignment for repository candidate interface com.example.demo.repository.TimeSlotsRepository; If you want this repository to be a JDBC repository, consider annotating your entities with one of these annotations: org.springframework.data.relational.core.mapping.Table.
2025-09-22T00:42:16.441+08:00  INFO 20104 --- [springboot-myproject] [main] .RepositoryConfigurationExtensionSupport : Spring Data JDBC - Could not safely identify store assignment for repository candidate interface com.example.demo.repository.UserRepository; If you want this repository to be a JDBC repository, consider annotating your entities with one of these annotations: org.springframework.data.relational.core.mapping.Table.
2025-09-22T00:42:16.443+08:00  INFO 20104 --- [springboot-myproject] [main] .s.d.r.c.RepositoryConfigurationDelegate : Finished Spring Data repository scanning in 99 ms. Found 0 JDBC repository interfaces.
2025-09-22T00:42:16.471+08:00  INFO 20104 --- [springboot-myproject] [main] .s.d.r.c.RepositoryConfigurationDelegate : Multiple Spring Data modules found, entering strict repository configuration mode
2025-09-22T00:42:16.473+08:00  INFO 20104 --- [springboot-myproject] [main] .s.d.r.c.RepositoryConfigurationDelegate : Bootstrapping Spring Data JPA repositories in DEFAULT mode.
2025-09-22T00:42:16.577+08:00  INFO 20104 --- [springboot-myproject] [main] .s.d.r.c.RepositoryConfigurationDelegate : Finished Spring Data repository scanning in 90 ms. Found 4 JPA repository interfaces.
2025-09-22T00:42:17.905+08:00  INFO 20104 --- [springboot-myproject] [main] o.s.b.w.embedded.tomcat.TomcatWebServer  : Tomcat initialized with port 8082 (http)
2025-09-22T00:42:17.964+08:00  INFO 20104 --- [springboot-myproject] [main] o.apache.catalina.core.StandardService   : Starting service [Tomcat]
2025-09-22T00:42:17.968+08:00  INFO 20104 --- [springboot-myproject] [main] o.apache.catalina.core.StandardEngine    : Starting Servlet engine: [Apache Tomcat/10.1.40]
2025-09-22T00:42:18.536+08:00  INFO 20104 --- [springboot-myproject] [main] org.apache.jasper.servlet.TldScanner     : At least one JAR was scanned for TLDs yet contained no TLDs. Enable debug logging for this logger for a complete list of JARs that were scanned but no TLDs were found in them. Skipping unneeded JARs during scanning can improve startup time and JSP compilation time.
2025-09-22T00:42:18.569+08:00  INFO 20104 --- [springboot-myproject] [main] o.a.c.c.C.[Tomcat].[localhost].[/]       : Initializing Spring embedded WebApplicationContext
2025-09-22T00:42:18.570+08:00  INFO 20104 --- [springboot-myproject] [main] w.s.c.ServletWebServerApplicationContext : Root WebApplicationContext: initialization completed in 3859 ms
2025-09-22T00:42:18.984+08:00  INFO 20104 --- [springboot-myproject] [main] o.hibernate.jpa.internal.util.LogHelper  : HHH000204: Processing PersistenceUnitInfo [name: default]
2025-09-22T00:42:19.115+08:00  INFO 20104 --- [springboot-myproject] [main] org.hibernate.Version                    : HHH000412: Hibernate ORM core version 6.6.13.Final
2025-09-22T00:42:19.216+08:00  INFO 20104 --- [springboot-myproject] [main] o.h.c.internal.RegionFactoryInitiator    : HHH000026: Second-level cache disabled
2025-09-22T00:42:20.006+08:00  INFO 20104 --- [springboot-myproject] [main] o.s.o.j.p.SpringPersistenceUnitInfo      : No LoadTimeWeaver setup: ignoring JPA class transformer
2025-09-22T00:42:20.073+08:00  INFO 20104 --- [springboot-myproject] [main] com.zaxxer.hikari.HikariDataSource       : HikariPool-1 - Starting...
2025-09-22T00:42:20.398+08:00  INFO 20104 --- [springboot-myproject] [main] com.zaxxer.hikari.pool.HikariPool        : HikariPool-1 - Added connection com.mysql.cj.jdbc.ConnectionImpl@2fa879ed
2025-09-22T00:42:20.408+08:00  INFO 20104 --- [springboot-myproject] [main] com.zaxxer.hikari.HikariDataSource       : HikariPool-1 - Start completed.
2025-09-22T00:42:20.625+08:00  INFO 20104 --- [springboot-myproject] [main] org.hibernate.orm.connections.pooling    : HHH10001005: Database info:
	Database JDBC URL [Connecting through datasource 'HikariDataSource (HikariPool-1)']
	Database driver: undefined/unknown
	Database version: 8.0.34
	Autocommit mode: undefined/unknown
	Isolation level: undefined/unknown
	Minimum pool size: undefined/unknown
	Maximum pool size: undefined/unknown
2025-09-22T00:42:22.714+08:00  INFO 20104 --- [springboot-myproject] [main] o.h.e.t.j.p.i.JtaPlatformInitiator       : HHH000489: No JTA platform available (set 'hibernate.transaction.jta.platform' to enable JTA platform integration)
2025-09-22T00:42:22.989+08:00  INFO 20104 --- [springboot-myproject] [main] j.LocalContainerEntityManagerFactoryBean : Initialized JPA EntityManagerFactory for persistence unit 'default'
2025-09-22T00:42:23.774+08:00  INFO 20104 --- [springboot-myproject] [main] o.s.d.j.r.query.QueryEnhancerFactory     : Hibernate is in classpath; If applicable, HQL parser will be used.
2025-09-22T00:42:25.405+08:00  INFO 20104 --- [springboot-myproject] [main] o.s.b.a.w.s.WelcomePageHandlerMapping    : Adding welcome page: class path resource [static/index.html]
2025-09-22T00:42:26.347+08:00  INFO 20104 --- [springboot-myproject] [main] o.s.m.s.b.SimpleBrokerMessageHandler     : Starting...
2025-09-22T00:42:26.348+08:00  INFO 20104 --- [springboot-myproject] [main] o.s.m.s.b.SimpleBrokerMessageHandler     : BrokerAvailabilityEvent[available=true, SimpleBrokerMessageHandler [org.springframework.messaging.simp.broker.DefaultSubscriptionRegistry@5cdf6bb1]]
2025-09-22T00:42:26.351+08:00  INFO 20104 --- [springboot-myproject] [main] o.s.m.s.b.SimpleBrokerMessageHandler     : Started.
2025-09-22T00:42:26.403+08:00  INFO 20104 --- [springboot-myproject] [main] o.s.b.w.embedded.tomcat.TomcatWebServer  : Tomcat started on port 8082 (http) with context path '/'
2025-09-22T00:42:26.420+08:00  INFO 20104 --- [springboot-myproject] [main] c.e.demo.SpringbootMyprojectApplication  : Started SpringbootMyprojectApplication in 12.857 seconds (process running for 14.206)
2025-09-22T00:42:42.754+08:00  INFO 20104 --- [springboot-myproject] [http-nio-8082-exec-1] o.a.c.c.C.[Tomcat].[localhost].[/]       : Initializing Spring DispatcherServlet 'dispatcherServlet'
2025-09-22T00:42:42.754+08:00  INFO 20104 --- [springboot-myproject] [http-nio-8082-exec-1] o.s.web.servlet.DispatcherServlet        : Initializing Servlet 'dispatcherServlet'
2025-09-22T00:42:42.754+08:00  INFO 20104 --- [springboot-myproject] [http-nio-8082-exec-1] o.s.web.servlet.DispatcherServlet        : Completed initialization in 0 ms
2025-09-22T00:43:26.345+08:00  INFO 20104 --- [springboot-myproject] [MessageBroker-1] o.s.w.s.c.WebSocketMessageBrokerStats    : WebSocketSession[0 current WS(0)-HttpStream(0)-HttpPoll(0), 0 total, 0 closed abnormally (0 connect failure, 0 send limit, 0 transport error)], stompSubProtocol[processed CONNECT(0)-CONNECTED(0)-DISCONNECT(0)], stompBrokerRelay[null], inboundChannel[pool size = 0, active threads = 0, queued tasks = 0, completed tasks = 0], outboundChannel[pool size = 0, active threads = 0, queued tasks = 0, completed tasks = 0], sockJsScheduler[pool size = 1, active threads = 1, queued tasks = 0, completed tasks = 0]
